[0m23:01:41.551885 [debug] [MainThread]: Sending event: {'category': 'dbt', 'action': 'invocation', 'label': 'start', 'context': [<snowplow_tracker.self_describing_json.SelfDescribingJson object at 0x0000021B2BE65DD0>, <snowplow_tracker.self_describing_json.SelfDescribingJson object at 0x0000021B2AC20E90>, <snowplow_tracker.self_describing_json.SelfDescribingJson object at 0x0000021B2AB2F290>]}


============================== 23:01:41.571473 | 6ade642d-b951-47eb-ad37-acaea531db13 ==============================
[0m23:01:41.571473 [info ] [MainThread]: Running with dbt=1.11.12
[0m23:01:41.572473 [debug] [MainThread]: running dbt with arguments {'static_parser': 'True', 'no_print': 'None', 'version_check': 'True', 'target_path': 'None', 'warn_error_options': 'WarnErrorOptionsV2(error=[], warn=[], silence=[])', 'printer_width': '80', 'write_json': 'True', 'introspect': 'True', 'log_cache_events': 'False', 'empty': 'None', 'cache_selected_only': 'False', 'log_format': 'default', 'debug': 'False', 'fail_fast': 'False', 'partial_parse': 'True', 'send_anonymous_usage_stats': 'True', 'quiet': 'False', 'warn_error': 'None', 'profiles_dir': 'C:\\Users\\Siddhesh\\.dbt', 'use_colors': 'True', 'invocation_command': 'dbt test --select silver_t', 'indirect_selection': 'eager', 'use_experimental_parser': 'False', 'log_path': 'logs'}
[0m23:01:41.573512 [error] [MainThread]: Encountered an error:
Runtime Error
  No dbt_project.yml found at expected path D:\CODING - DEVELOPMENT - LEARNING\Data_project_DBT_setup\airflow\dbt_project.yml
  Verify that each entry within packages.yml (and their transitive dependencies) contains a file named dbt_project.yml
  
[0m23:01:41.575516 [debug] [MainThread]: Command `dbt test` failed at 23:01:41.575516 after 0.19 seconds
[0m23:01:41.576499 [debug] [MainThread]: Sending event: {'category': 'dbt', 'action': 'invocation', 'label': 'end', 'context': [<snowplow_tracker.self_describing_json.SelfDescribingJson object at 0x0000021B2ADE86D0>, <snowplow_tracker.self_describing_json.SelfDescribingJson object at 0x0000021B2BE67F50>, <snowplow_tracker.self_describing_json.SelfDescribingJson object at 0x0000021B2BE65E90>]}
[0m23:01:41.576499 [debug] [MainThread]: Flushing usage events
[0m23:01:42.773704 [debug] [MainThread]: An error was encountered while trying to flush usage events
[0m23:02:10.354576 [debug] [MainThread]: Sending event: {'category': 'dbt', 'action': 'invocation', 'label': 'start', 'context': [<snowplow_tracker.self_describing_json.SelfDescribingJson object at 0x00000246B96FAB10>, <snowplow_tracker.self_describing_json.SelfDescribingJson object at 0x00000246B957C850>, <snowplow_tracker.self_describing_json.SelfDescribingJson object at 0x00000246B96D5810>]}


============================== 23:02:10.359574 | 113d9400-6921-4021-b14c-67fdec921043 ==============================
[0m23:02:10.359574 [info ] [MainThread]: Running with dbt=1.11.12
[0m23:02:10.360564 [debug] [MainThread]: running dbt with arguments {'version_check': 'True', 'no_print': 'None', 'static_parser': 'True', 'target_path': 'None', 'warn_error_options': 'WarnErrorOptionsV2(error=[], warn=[], silence=[])', 'printer_width': '80', 'write_json': 'True', 'empty': 'None', 'log_cache_events': 'False', 'introspect': 'True', 'cache_selected_only': 'False', 'fail_fast': 'False', 'debug': 'False', 'log_format': 'default', 'profiles_dir': 'C:\\Users\\Siddhesh\\.dbt', 'send_anonymous_usage_stats': 'True', 'quiet': 'False', 'warn_error': 'None', 'partial_parse': 'True', 'indirect_selection': 'eager', 'use_colors': 'True', 'invocation_command': 'dbt test --select silver_b', 'use_experimental_parser': 'False', 'log_path': 'logs'}
[0m23:02:10.361564 [error] [MainThread]: Encountered an error:
Runtime Error
  No dbt_project.yml found at expected path D:\CODING - DEVELOPMENT - LEARNING\Data_project_DBT_setup\airflow\dbt_project.yml
  Verify that each entry within packages.yml (and their transitive dependencies) contains a file named dbt_project.yml
  
[0m23:02:10.362571 [debug] [MainThread]: Command `dbt test` failed at 23:02:10.362571 after 0.18 seconds
[0m23:02:10.363572 [debug] [MainThread]: Sending event: {'category': 'dbt', 'action': 'invocation', 'label': 'end', 'context': [<snowplow_tracker.self_describing_json.SelfDescribingJson object at 0x00000246B956E0D0>, <snowplow_tracker.self_describing_json.SelfDescribingJson object at 0x00000246B9632CD0>, <snowplow_tracker.self_describing_json.SelfDescribingJson object at 0x00000246B9632B90>]}
[0m23:02:10.364572 [debug] [MainThread]: Flushing usage events
[0m23:02:11.444532 [debug] [MainThread]: An error was encountered while trying to flush usage events
